<?xml version="1.0" encoding="UTF-8"?>
<testng-results ignored="0" total="1" passed="1" failed="0" skipped="0">
  <reporter-output>
  </reporter-output>
  <suite started-at="2024-12-24T19:19:48 GST" name="Default suite" finished-at="2024-12-24T19:24:46 GST" duration-ms="297458">
    <groups>
    </groups>
    <test started-at="2024-12-24T19:19:48 GST" name="Default test" finished-at="2024-12-24T19:24:46 GST" duration-ms="297458">
      <class name="tests.HomePageTest">
        <test-method is-config="true" signature="setup()[pri:0, instance:tests.HomePageTest@79e2c065]" started-at="2024-12-24T19:19:48 GST" name="setup" finished-at="2024-12-24T19:20:08 GST" duration-ms="19829" status="PASS">
          <reporter-output>
          </reporter-output>
        </test-method> <!-- setup -->
        <test-method signature="RecipeAtoETest()[pri:1, instance:tests.HomePageTest@79e2c065]" started-at="2024-12-24T19:20:08 GST" name="RecipeAtoETest" finished-at="2024-12-24T19:24:46 GST" duration-ms="277534" status="PASS">
          <reporter-output>
          </reporter-output>
        </test-method> <!-- RecipeAtoETest -->
        <test-method is-config="true" signature="teardown()[pri:0, instance:tests.HomePageTest@79e2c065]" started-at="2024-12-24T19:24:46 GST" name="teardown" finished-at="2024-12-24T19:24:46 GST" duration-ms="1" status="PASS">
          <reporter-output>
          </reporter-output>
        </test-method> <!-- teardown -->
      </class> <!-- tests.HomePageTest -->
    </test> <!-- Default test -->
  </suite> <!-- Default suite -->
</testng-results>
